<?xml version="1.0" encoding="UTF-8"?>
<testsuite name="integration.jOCCIExecutionTestSuite$jOCCIJobDescriptionTest" time="0.082" tests="21" errors="21" skipped="0" failures="0">
  <properties>
[...]
</properties>
  <testcase name="test_spmdVariation" classname="integration.jOCCIExecutionTestSuite$jOCCIJobDescriptionTest" time="0.021">
    <error message="Test properties file is missing required property: jocci.jobservice.url" type="java.lang.Exception"><![CDATA[java.lang.Exception: Test properties file is missing required property: jocci.jobservice.url
	at org.ogf.saga.JSAGABaseTest.getRequiredProperty(JSAGABaseTest.java:131)
	at org.ogf.saga.job.base.JobBaseTest.<init>(JobBaseTest.java:60)
	at org.ogf.saga.job.description.DescriptionTest.<init>(DescriptionTest.java:31)
	at integration.jOCCIExecutionTestSuite$jOCCIJobDescriptionTest.<init>(jOCCIExecutionTestSuite.java:41)
]]></error>
  </testcase>
  <testcase name="test_arguments" classname="integration.jOCCIExecutionTestSuite$jOCCIJobDescriptionTest" time="0.001">
    <error message="Test properties file is missing required property: jocci.jobservice.url" type="java.lang.Exception"><![CDATA[java.lang.Exception: Test properties file is missing required property: jocci.jobservice.url
	at org.ogf.saga.JSAGABaseTest.getRequiredProperty(JSAGABaseTest.java:131)
	at org.ogf.saga.job.base.JobBaseTest.<init>(JobBaseTest.java:60)
	at org.ogf.saga.job.description.DescriptionTest.<init>(DescriptionTest.java:31)
	at integration.jOCCIExecutionTestSuite$jOCCIJobDescriptionTest.<init>(jOCCIExecutionTestSuite.java:41)
]]></error>
  </testcase>
  <testcase name="test_numberOfProcesses" classname="integration.jOCCIExecutionTestSuite$jOCCIJobDescriptionTest" time="0.001">
    <error message="Test properties file is missing required property: jocci.jobservice.url" type="java.lang.Exception"><![CDATA[java.lang.Exception: Test properties file is missing required property: jocci.jobservice.url
	at org.ogf.saga.JSAGABaseTest.getRequiredProperty(JSAGABaseTest.java:131)
	at org.ogf.saga.job.base.JobBaseTest.<init>(JobBaseTest.java:60)
	at org.ogf.saga.job.description.DescriptionTest.<init>(DescriptionTest.java:31)
	at integration.jOCCIExecutionTestSuite$jOCCIJobDescriptionTest.<init>(jOCCIExecutionTestSuite.java:41)
]]></error>
  </testcase>
  <testcase name="test_totalPhysicalMemory" classname="integration.jOCCIExecutionTestSuite$jOCCIJobDescriptionTest" time="0.001">
    <error message="Test properties file is missing required property: jocci.jobservice.url" type="java.lang.Exception"><![CDATA[java.lang.Exception: Test properties file is missing required property: jocci.jobservice.url
	at org.ogf.saga.JSAGABaseTest.getRequiredProperty(JSAGABaseTest.java:131)
	at org.ogf.saga.job.base.JobBaseTest.<init>(JobBaseTest.java:60)
	at org.ogf.saga.job.description.DescriptionTest.<init>(DescriptionTest.java:31)
	at integration.jOCCIExecutionTestSuite$jOCCIJobDescriptionTest.<init>(jOCCIExecutionTestSuite.java:41)
]]></error>
  </testcase>
  <testcase name="test_fileTransfer" classname="integration.jOCCIExecutionTestSuite$jOCCIJobDescriptionTest" time="0.001">
    <error message="Test properties file is missing required property: jocci.jobservice.url" type="java.lang.Exception"><![CDATA[java.lang.Exception: Test properties file is missing required property: jocci.jobservice.url
	at org.ogf.saga.JSAGABaseTest.getRequiredProperty(JSAGABaseTest.java:131)
	at org.ogf.saga.job.base.JobBaseTest.<init>(JobBaseTest.java:60)
	at org.ogf.saga.job.description.DescriptionTest.<init>(DescriptionTest.java:31)
	at integration.jOCCIExecutionTestSuite$jOCCIJobDescriptionTest.<init>(jOCCIExecutionTestSuite.java:41)
]]></error>
  </testcase>
  <testcase name="test_executable" classname="integration.jOCCIExecutionTestSuite$jOCCIJobDescriptionTest" time="0.008">
    <error message="Test properties file is missing required property: jocci.jobservice.url" type="java.lang.Exception"><![CDATA[java.lang.Exception: Test properties file is missing required property: jocci.jobservice.url
	at org.ogf.saga.JSAGABaseTest.getRequiredProperty(JSAGABaseTest.java:131)
	at org.ogf.saga.job.base.JobBaseTest.<init>(JobBaseTest.java:60)
	at org.ogf.saga.job.description.DescriptionTest.<init>(DescriptionTest.java:31)
	at integration.jOCCIExecutionTestSuite$jOCCIJobDescriptionTest.<init>(jOCCIExecutionTestSuite.java:41)
]]></error>
  </testcase>
  <testcase name="test_candidateHosts" classname="integration.jOCCIExecutionTestSuite$jOCCIJobDescriptionTest" time="0.001">
    <error message="Test properties file is missing required property: jocci.jobservice.url" type="java.lang.Exception"><![CDATA[java.lang.Exception: Test properties file is missing required property: jocci.jobservice.url
	at org.ogf.saga.JSAGABaseTest.getRequiredProperty(JSAGABaseTest.java:131)
	at org.ogf.saga.job.base.JobBaseTest.<init>(JobBaseTest.java:60)
	at org.ogf.saga.job.description.DescriptionTest.<init>(DescriptionTest.java:31)
	at integration.jOCCIExecutionTestSuite$jOCCIJobDescriptionTest.<init>(jOCCIExecutionTestSuite.java:41)
]]></error>
  </testcase>
  <testcase name="test_wallTimeLimit" classname="integration.jOCCIExecutionTestSuite$jOCCIJobDescriptionTest" time="0.001">
    <error message="Test properties file is missing required property: jocci.jobservice.url" type="java.lang.Exception"><![CDATA[java.lang.Exception: Test properties file is missing required property: jocci.jobservice.url
	at org.ogf.saga.JSAGABaseTest.getRequiredProperty(JSAGABaseTest.java:131)
	at org.ogf.saga.job.base.JobBaseTest.<init>(JobBaseTest.java:60)
	at org.ogf.saga.job.description.DescriptionTest.<init>(DescriptionTest.java:31)
	at integration.jOCCIExecutionTestSuite$jOCCIJobDescriptionTest.<init>(jOCCIExecutionTestSuite.java:41)
]]></error>
  </testcase>
  <testcase name="test_cleanup" classname="integration.jOCCIExecutionTestSuite$jOCCIJobDescriptionTest" time="0">
    <error message="Test properties file is missing required property: jocci.jobservice.url" type="java.lang.Exception"><![CDATA[java.lang.Exception: Test properties file is missing required property: jocci.jobservice.url
	at org.ogf.saga.JSAGABaseTest.getRequiredProperty(JSAGABaseTest.java:131)
	at org.ogf.saga.job.base.JobBaseTest.<init>(JobBaseTest.java:60)
	at org.ogf.saga.job.description.DescriptionTest.<init>(DescriptionTest.java:31)
	at integration.jOCCIExecutionTestSuite$jOCCIJobDescriptionTest.<init>(jOCCIExecutionTestSuite.java:41)
]]></error>
  </testcase>
  <testcase name="test_totalCPUTime" classname="integration.jOCCIExecutionTestSuite$jOCCIJobDescriptionTest" time="0.001">
    <error message="Test properties file is missing required property: jocci.jobservice.url" type="java.lang.Exception"><![CDATA[java.lang.Exception: Test properties file is missing required property: jocci.jobservice.url
	at org.ogf.saga.JSAGABaseTest.getRequiredProperty(JSAGABaseTest.java:131)
	at org.ogf.saga.job.base.JobBaseTest.<init>(JobBaseTest.java:60)
	at org.ogf.saga.job.description.DescriptionTest.<init>(DescriptionTest.java:31)
	at integration.jOCCIExecutionTestSuite$jOCCIJobDescriptionTest.<init>(jOCCIExecutionTestSuite.java:41)
]]></error>
  </testcase>
  <testcase name="test_output" classname="integration.jOCCIExecutionTestSuite$jOCCIJobDescriptionTest" time="0.003">
    <error message="Test properties file is missing required property: jocci.jobservice.url" type="java.lang.Exception"><![CDATA[java.lang.Exception: Test properties file is missing required property: jocci.jobservice.url
	at org.ogf.saga.JSAGABaseTest.getRequiredProperty(JSAGABaseTest.java:131)
	at org.ogf.saga.job.base.JobBaseTest.<init>(JobBaseTest.java:60)
	at org.ogf.saga.job.description.DescriptionTest.<init>(DescriptionTest.java:31)
	at integration.jOCCIExecutionTestSuite$jOCCIJobDescriptionTest.<init>(jOCCIExecutionTestSuite.java:41)
]]></error>
  </testcase>
  <testcase name="test_environment" classname="integration.jOCCIExecutionTestSuite$jOCCIJobDescriptionTest" time="0.001">
    <error message="Test properties file is missing required property: jocci.jobservice.url" type="java.lang.Exception"><![CDATA[java.lang.Exception: Test properties file is missing required property: jocci.jobservice.url
	at org.ogf.saga.JSAGABaseTest.getRequiredProperty(JSAGABaseTest.java:131)
	at org.ogf.saga.job.base.JobBaseTest.<init>(JobBaseTest.java:60)
	at org.ogf.saga.job.description.DescriptionTest.<init>(DescriptionTest.java:31)
	at integration.jOCCIExecutionTestSuite$jOCCIJobDescriptionTest.<init>(jOCCIExecutionTestSuite.java:41)
]]></error>
  </testcase>
  <testcase name="test_totalCPUCount" classname="integration.jOCCIExecutionTestSuite$jOCCIJobDescriptionTest" time="0.001">
    <error message="Test properties file is missing required property: jocci.jobservice.url" type="java.lang.Exception"><![CDATA[java.lang.Exception: Test properties file is missing required property: jocci.jobservice.url
	at org.ogf.saga.JSAGABaseTest.getRequiredProperty(JSAGABaseTest.java:131)
	at org.ogf.saga.job.base.JobBaseTest.<init>(JobBaseTest.java:60)
	at org.ogf.saga.job.description.DescriptionTest.<init>(DescriptionTest.java:31)
	at integration.jOCCIExecutionTestSuite$jOCCIJobDescriptionTest.<init>(jOCCIExecutionTestSuite.java:41)
]]></error>
  </testcase>
  <testcase name="test_operatingSystemType" classname="integration.jOCCIExecutionTestSuite$jOCCIJobDescriptionTest" time="0.011">
    <error message="Test properties file is missing required property: jocci.jobservice.url" type="java.lang.Exception"><![CDATA[java.lang.Exception: Test properties file is missing required property: jocci.jobservice.url
	at org.ogf.saga.JSAGABaseTest.getRequiredProperty(JSAGABaseTest.java:131)
	at org.ogf.saga.job.base.JobBaseTest.<init>(JobBaseTest.java:60)
	at org.ogf.saga.job.description.DescriptionTest.<init>(DescriptionTest.java:31)
	at integration.jOCCIExecutionTestSuite$jOCCIJobDescriptionTest.<init>(jOCCIExecutionTestSuite.java:41)
]]></error>
  </testcase>
  <testcase name="test_threadsPerProcess" classname="integration.jOCCIExecutionTestSuite$jOCCIJobDescriptionTest" time="0.001">
    <error message="Test properties file is missing required property: jocci.jobservice.url" type="java.lang.Exception"><![CDATA[java.lang.Exception: Test properties file is missing required property: jocci.jobservice.url
	at org.ogf.saga.JSAGABaseTest.getRequiredProperty(JSAGABaseTest.java:131)
	at org.ogf.saga.job.base.JobBaseTest.<init>(JobBaseTest.java:60)
	at org.ogf.saga.job.description.DescriptionTest.<init>(DescriptionTest.java:31)
	at integration.jOCCIExecutionTestSuite$jOCCIJobDescriptionTest.<init>(jOCCIExecutionTestSuite.java:41)
]]></error>
  </testcase>
  <testcase name="test_workingDirectory" classname="integration.jOCCIExecutionTestSuite$jOCCIJobDescriptionTest" time="0.008">
    <error message="Test properties file is missing required property: jocci.jobservice.url" type="java.lang.Exception"><![CDATA[java.lang.Exception: Test properties file is missing required property: jocci.jobservice.url
	at org.ogf.saga.JSAGABaseTest.getRequiredProperty(JSAGABaseTest.java:131)
	at org.ogf.saga.job.base.JobBaseTest.<init>(JobBaseTest.java:60)
	at org.ogf.saga.job.description.DescriptionTest.<init>(DescriptionTest.java:31)
	at integration.jOCCIExecutionTestSuite$jOCCIJobDescriptionTest.<init>(jOCCIExecutionTestSuite.java:41)
]]></error>
  </testcase>
  <testcase name="test_processesPerHost" classname="integration.jOCCIExecutionTestSuite$jOCCIJobDescriptionTest" time="0.002">
    <error message="Test properties file is missing required property: jocci.jobservice.url" type="java.lang.Exception"><![CDATA[java.lang.Exception: Test properties file is missing required property: jocci.jobservice.url
	at org.ogf.saga.JSAGABaseTest.getRequiredProperty(JSAGABaseTest.java:131)
	at org.ogf.saga.job.base.JobBaseTest.<init>(JobBaseTest.java:60)
	at org.ogf.saga.job.description.DescriptionTest.<init>(DescriptionTest.java:31)
	at integration.jOCCIExecutionTestSuite$jOCCIJobDescriptionTest.<init>(jOCCIExecutionTestSuite.java:41)
]]></error>
  </testcase>
  <testcase name="test_cpuArchitecture" classname="integration.jOCCIExecutionTestSuite$jOCCIJobDescriptionTest" time="0.012">
    <error message="Test properties file is missing required property: jocci.jobservice.url" type="java.lang.Exception"><![CDATA[java.lang.Exception: Test properties file is missing required property: jocci.jobservice.url
	at org.ogf.saga.JSAGABaseTest.getRequiredProperty(JSAGABaseTest.java:131)
	at org.ogf.saga.job.base.JobBaseTest.<init>(JobBaseTest.java:60)
	at org.ogf.saga.job.description.DescriptionTest.<init>(DescriptionTest.java:31)
	at integration.jOCCIExecutionTestSuite$jOCCIJobDescriptionTest.<init>(jOCCIExecutionTestSuite.java:41)
]]></error>
  </testcase>
  <testcase name="test_error" classname="integration.jOCCIExecutionTestSuite$jOCCIJobDescriptionTest" time="0.001">
    <error message="Test properties file is missing required property: jocci.jobservice.url" type="java.lang.Exception"><![CDATA[java.lang.Exception: Test properties file is missing required property: jocci.jobservice.url
	at org.ogf.saga.JSAGABaseTest.getRequiredProperty(JSAGABaseTest.java:131)
	at org.ogf.saga.job.base.JobBaseTest.<init>(JobBaseTest.java:60)
	at org.ogf.saga.job.description.DescriptionTest.<init>(DescriptionTest.java:31)
	at integration.jOCCIExecutionTestSuite$jOCCIJobDescriptionTest.<init>(jOCCIExecutionTestSuite.java:41)
]]></error>
  </testcase>
  <testcase name="test_input" classname="integration.jOCCIExecutionTestSuite$jOCCIJobDescriptionTest" time="0.001">
    <error message="Test properties file is missing required property: jocci.jobservice.url" type="java.lang.Exception"><![CDATA[java.lang.Exception: Test properties file is missing required property: jocci.jobservice.url
	at org.ogf.saga.JSAGABaseTest.getRequiredProperty(JSAGABaseTest.java:131)
	at org.ogf.saga.job.base.JobBaseTest.<init>(JobBaseTest.java:60)
	at org.ogf.saga.job.description.DescriptionTest.<init>(DescriptionTest.java:31)
	at integration.jOCCIExecutionTestSuite$jOCCIJobDescriptionTest.<init>(jOCCIExecutionTestSuite.java:41)
]]></error>
  </testcase>
  <testcase name="test_queue" classname="integration.jOCCIExecutionTestSuite$jOCCIJobDescriptionTest" time="0.005">
    <error message="Test properties file is missing required property: jocci.jobservice.url" type="java.lang.Exception"><![CDATA[java.lang.Exception: Test properties file is missing required property: jocci.jobservice.url
	at org.ogf.saga.JSAGABaseTest.getRequiredProperty(JSAGABaseTest.java:131)
	at org.ogf.saga.job.base.JobBaseTest.<init>(JobBaseTest.java:60)
	at org.ogf.saga.job.description.DescriptionTest.<init>(DescriptionTest.java:31)
	at integration.jOCCIExecutionTestSuite$jOCCIJobDescriptionTest.<init>(jOCCIExecutionTestSuite.java:41)
]]></error>
  </testcase>
</testsuite>