<?xml version="1.0" encoding="UTF-8"?>
<testsuite name="integration.jOCCIExecutionTestSuite$jOCCIJobDescriptionTest" time="0.082" tests="21" errors="21" skipped="0" failures="0">
  <properties>
    <property name="java.runtime.name" value="Java(TM) SE Runtime Environment"/>
    <property name="sun.boot.library.path" value="/usr/java/jdk1.7.0/jre/lib/i386"/>
    <property name="java.vm.version" value="21.0-b17"/>
    <property name="java.vm.vendor" value="Oracle Corporation"/>
    <property name="java.vendor.url" value="http://java.oracle.com/"/>
    <property name="path.separator" value=":"/>
    <property name="guice.disable.misplaced.annotation.check" value="true"/>
    <property name="java.vm.name" value="Java HotSpot(TM) Server VM"/>
    <property name="file.encoding.pkg" value="sun.io"/>
    <property name="user.country" value="US"/>
    <property name="sun.java.launcher" value="SUN_STANDARD"/>
    <property name="sun.os.patch.level" value="unknown"/>
    <property name="test" value="integration.jOCCIExecutionTestSuite$jOCCIJobDescriptionTest"/>
    <property name="java.vm.specification.name" value="Java Virtual Machine Specification"/>
    <property name="user.dir" value="/home/larocca/jsaga-20032015/jsaga/adaptors/jsaga-adaptor-jocci"/>
    <property name="java.runtime.version" value="1.7.0-b147"/>
    <property name="java.awt.graphicsenv" value="sun.awt.X11GraphicsEnvironment"/>
    <property name="java.endorsed.dirs" value="/usr/java/jdk1.7.0/jre/lib/endorsed"/>
    <property name="os.arch" value="i386"/>
    <property name="java.io.tmpdir" value="/tmp"/>
    <property name="line.separator" value="&#10;"/>
    <property name="java.vm.specification.vendor" value="Oracle Corporation"/>
    <property name="os.name" value="Linux"/>
    <property name="classworlds.conf" value="/opt/apache-maven-3.2.1/bin/m2.conf"/>
    <property name="sun.jnu.encoding" value="UTF-8"/>
    <property name="java.library.path" value="/usr/java/packages/lib/i386:/lib:/usr/lib"/>
    <property name="java.specification.name" value="Java Platform API Specification"/>
    <property name="java.class.version" value="51.0"/>
    <property name="sun.management.compiler" value="HotSpot Tiered Compilers"/>
    <property name="os.version" value="2.6.43.8-1.fc15.i686.PAE"/>
    <property name="user.home" value="/home/larocca"/>
    <property name="user.timezone" value="Europe/Vatican"/>
    <property name="java.awt.printerjob" value="sun.print.PSPrinterJob"/>
    <property name="file.encoding" value="UTF-8"/>
    <property name="java.specification.version" value="1.7"/>
    <property name="user.name" value="larocca"/>
    <property name="java.class.path" value="/opt/apache-maven-3.2.1/boot/plexus-classworlds-2.5.1.jar"/>
    <property name="org.slf4j.simpleLogger.defaultLogLevel" value="info"/>
    <property name="java.vm.specification.version" value="1.7"/>
    <property name="sun.arch.data.model" value="32"/>
    <property name="java.home" value="/usr/java/jdk1.7.0/jre"/>
    <property name="sun.java.command" value="org.codehaus.plexus.classworlds.launcher.Launcher integration-test -Dtest=integration.jOCCIExecutionTestSuite$jOCCIJobDescriptionTest"/>
    <property name="java.specification.vendor" value="Oracle Corporation"/>
    <property name="user.language" value="en"/>
    <property name="awt.toolkit" value="sun.awt.X11.XToolkit"/>
    <property name="java.vm.info" value="mixed mode"/>
    <property name="java.version" value="1.7.0"/>
    <property name="java.ext.dirs" value="/usr/java/jdk1.7.0/jre/lib/ext:/usr/java/packages/lib/ext"/>
    <property name="securerandom.source" value="file:/dev/./urandom"/>
    <property name="sun.boot.class.path" value="/usr/java/jdk1.7.0/jre/lib/resources.jar:/usr/java/jdk1.7.0/jre/lib/rt.jar:/usr/java/jdk1.7.0/jre/lib/sunrsasign.jar:/usr/java/jdk1.7.0/jre/lib/jsse.jar:/usr/java/jdk1.7.0/jre/lib/jce.jar:/usr/java/jdk1.7.0/jre/lib/charsets.jar:/usr/java/jdk1.7.0/jre/classes"/>
    <property name="java.vendor" value="Oracle Corporation"/>
    <property name="maven.home" value="/opt/apache-maven-3.2.1"/>
    <property name="file.separator" value="/"/>
    <property name="java.vendor.url.bug" value="http://bugreport.sun.com/bugreport/"/>
    <property name="sun.cpu.endian" value="little"/>
    <property name="sun.io.unicode.encoding" value="UnicodeLittle"/>
    <property name="sun.desktop" value="gnome"/>
    <property name="sun.cpu.isalist" value=""/>
  </properties>
  <testcase name="test_spmdVariation" classname="integration.jOCCIExecutionTestSuite$jOCCIJobDescriptionTest" time="0.021">
    <error message="Test properties file is missing required property: jocci.jobservice.url" type="java.lang.Exception"><![CDATA[java.lang.Exception: Test properties file is missing required property: jocci.jobservice.url
	at org.ogf.saga.JSAGABaseTest.getRequiredProperty(JSAGABaseTest.java:131)
	at org.ogf.saga.job.base.JobBaseTest.<init>(JobBaseTest.java:60)
	at org.ogf.saga.job.description.DescriptionTest.<init>(DescriptionTest.java:31)
	at integration.jOCCIExecutionTestSuite$jOCCIJobDescriptionTest.<init>(jOCCIExecutionTestSuite.java:41)
]]></error>
  </testcase>
  <testcase name="test_arguments" classname="integration.jOCCIExecutionTestSuite$jOCCIJobDescriptionTest" time="0.001">
    <error message="Test properties file is missing required property: jocci.jobservice.url" type="java.lang.Exception"><![CDATA[java.lang.Exception: Test properties file is missing required property: jocci.jobservice.url
	at org.ogf.saga.JSAGABaseTest.getRequiredProperty(JSAGABaseTest.java:131)
	at org.ogf.saga.job.base.JobBaseTest.<init>(JobBaseTest.java:60)
	at org.ogf.saga.job.description.DescriptionTest.<init>(DescriptionTest.java:31)
	at integration.jOCCIExecutionTestSuite$jOCCIJobDescriptionTest.<init>(jOCCIExecutionTestSuite.java:41)
]]></error>
  </testcase>
  <testcase name="test_numberOfProcesses" classname="integration.jOCCIExecutionTestSuite$jOCCIJobDescriptionTest" time="0.001">
    <error message="Test properties file is missing required property: jocci.jobservice.url" type="java.lang.Exception"><![CDATA[java.lang.Exception: Test properties file is missing required property: jocci.jobservice.url
	at org.ogf.saga.JSAGABaseTest.getRequiredProperty(JSAGABaseTest.java:131)
	at org.ogf.saga.job.base.JobBaseTest.<init>(JobBaseTest.java:60)
	at org.ogf.saga.job.description.DescriptionTest.<init>(DescriptionTest.java:31)
	at integration.jOCCIExecutionTestSuite$jOCCIJobDescriptionTest.<init>(jOCCIExecutionTestSuite.java:41)
]]></error>
  </testcase>
  <testcase name="test_totalPhysicalMemory" classname="integration.jOCCIExecutionTestSuite$jOCCIJobDescriptionTest" time="0.001">
    <error message="Test properties file is missing required property: jocci.jobservice.url" type="java.lang.Exception"><![CDATA[java.lang.Exception: Test properties file is missing required property: jocci.jobservice.url
	at org.ogf.saga.JSAGABaseTest.getRequiredProperty(JSAGABaseTest.java:131)
	at org.ogf.saga.job.base.JobBaseTest.<init>(JobBaseTest.java:60)
	at org.ogf.saga.job.description.DescriptionTest.<init>(DescriptionTest.java:31)
	at integration.jOCCIExecutionTestSuite$jOCCIJobDescriptionTest.<init>(jOCCIExecutionTestSuite.java:41)
]]></error>
  </testcase>
  <testcase name="test_fileTransfer" classname="integration.jOCCIExecutionTestSuite$jOCCIJobDescriptionTest" time="0.001">
    <error message="Test properties file is missing required property: jocci.jobservice.url" type="java.lang.Exception"><![CDATA[java.lang.Exception: Test properties file is missing required property: jocci.jobservice.url
	at org.ogf.saga.JSAGABaseTest.getRequiredProperty(JSAGABaseTest.java:131)
	at org.ogf.saga.job.base.JobBaseTest.<init>(JobBaseTest.java:60)
	at org.ogf.saga.job.description.DescriptionTest.<init>(DescriptionTest.java:31)
	at integration.jOCCIExecutionTestSuite$jOCCIJobDescriptionTest.<init>(jOCCIExecutionTestSuite.java:41)
]]></error>
  </testcase>
  <testcase name="test_executable" classname="integration.jOCCIExecutionTestSuite$jOCCIJobDescriptionTest" time="0.008">
    <error message="Test properties file is missing required property: jocci.jobservice.url" type="java.lang.Exception"><![CDATA[java.lang.Exception: Test properties file is missing required property: jocci.jobservice.url
	at org.ogf.saga.JSAGABaseTest.getRequiredProperty(JSAGABaseTest.java:131)
	at org.ogf.saga.job.base.JobBaseTest.<init>(JobBaseTest.java:60)
	at org.ogf.saga.job.description.DescriptionTest.<init>(DescriptionTest.java:31)
	at integration.jOCCIExecutionTestSuite$jOCCIJobDescriptionTest.<init>(jOCCIExecutionTestSuite.java:41)
]]></error>
  </testcase>
  <testcase name="test_candidateHosts" classname="integration.jOCCIExecutionTestSuite$jOCCIJobDescriptionTest" time="0.001">
    <error message="Test properties file is missing required property: jocci.jobservice.url" type="java.lang.Exception"><![CDATA[java.lang.Exception: Test properties file is missing required property: jocci.jobservice.url
	at org.ogf.saga.JSAGABaseTest.getRequiredProperty(JSAGABaseTest.java:131)
	at org.ogf.saga.job.base.JobBaseTest.<init>(JobBaseTest.java:60)
	at org.ogf.saga.job.description.DescriptionTest.<init>(DescriptionTest.java:31)
	at integration.jOCCIExecutionTestSuite$jOCCIJobDescriptionTest.<init>(jOCCIExecutionTestSuite.java:41)
]]></error>
  </testcase>
  <testcase name="test_wallTimeLimit" classname="integration.jOCCIExecutionTestSuite$jOCCIJobDescriptionTest" time="0.001">
    <error message="Test properties file is missing required property: jocci.jobservice.url" type="java.lang.Exception"><![CDATA[java.lang.Exception: Test properties file is missing required property: jocci.jobservice.url
	at org.ogf.saga.JSAGABaseTest.getRequiredProperty(JSAGABaseTest.java:131)
	at org.ogf.saga.job.base.JobBaseTest.<init>(JobBaseTest.java:60)
	at org.ogf.saga.job.description.DescriptionTest.<init>(DescriptionTest.java:31)
	at integration.jOCCIExecutionTestSuite$jOCCIJobDescriptionTest.<init>(jOCCIExecutionTestSuite.java:41)
]]></error>
  </testcase>
  <testcase name="test_cleanup" classname="integration.jOCCIExecutionTestSuite$jOCCIJobDescriptionTest" time="0">
    <error message="Test properties file is missing required property: jocci.jobservice.url" type="java.lang.Exception"><![CDATA[java.lang.Exception: Test properties file is missing required property: jocci.jobservice.url
	at org.ogf.saga.JSAGABaseTest.getRequiredProperty(JSAGABaseTest.java:131)
	at org.ogf.saga.job.base.JobBaseTest.<init>(JobBaseTest.java:60)
	at org.ogf.saga.job.description.DescriptionTest.<init>(DescriptionTest.java:31)
	at integration.jOCCIExecutionTestSuite$jOCCIJobDescriptionTest.<init>(jOCCIExecutionTestSuite.java:41)
]]></error>
  </testcase>
  <testcase name="test_totalCPUTime" classname="integration.jOCCIExecutionTestSuite$jOCCIJobDescriptionTest" time="0.001">
    <error message="Test properties file is missing required property: jocci.jobservice.url" type="java.lang.Exception"><![CDATA[java.lang.Exception: Test properties file is missing required property: jocci.jobservice.url
	at org.ogf.saga.JSAGABaseTest.getRequiredProperty(JSAGABaseTest.java:131)
	at org.ogf.saga.job.base.JobBaseTest.<init>(JobBaseTest.java:60)
	at org.ogf.saga.job.description.DescriptionTest.<init>(DescriptionTest.java:31)
	at integration.jOCCIExecutionTestSuite$jOCCIJobDescriptionTest.<init>(jOCCIExecutionTestSuite.java:41)
]]></error>
  </testcase>
  <testcase name="test_output" classname="integration.jOCCIExecutionTestSuite$jOCCIJobDescriptionTest" time="0.003">
    <error message="Test properties file is missing required property: jocci.jobservice.url" type="java.lang.Exception"><![CDATA[java.lang.Exception: Test properties file is missing required property: jocci.jobservice.url
	at org.ogf.saga.JSAGABaseTest.getRequiredProperty(JSAGABaseTest.java:131)
	at org.ogf.saga.job.base.JobBaseTest.<init>(JobBaseTest.java:60)
	at org.ogf.saga.job.description.DescriptionTest.<init>(DescriptionTest.java:31)
	at integration.jOCCIExecutionTestSuite$jOCCIJobDescriptionTest.<init>(jOCCIExecutionTestSuite.java:41)
]]></error>
  </testcase>
  <testcase name="test_environment" classname="integration.jOCCIExecutionTestSuite$jOCCIJobDescriptionTest" time="0.001">
    <error message="Test properties file is missing required property: jocci.jobservice.url" type="java.lang.Exception"><![CDATA[java.lang.Exception: Test properties file is missing required property: jocci.jobservice.url
	at org.ogf.saga.JSAGABaseTest.getRequiredProperty(JSAGABaseTest.java:131)
	at org.ogf.saga.job.base.JobBaseTest.<init>(JobBaseTest.java:60)
	at org.ogf.saga.job.description.DescriptionTest.<init>(DescriptionTest.java:31)
	at integration.jOCCIExecutionTestSuite$jOCCIJobDescriptionTest.<init>(jOCCIExecutionTestSuite.java:41)
]]></error>
  </testcase>
  <testcase name="test_totalCPUCount" classname="integration.jOCCIExecutionTestSuite$jOCCIJobDescriptionTest" time="0.001">
    <error message="Test properties file is missing required property: jocci.jobservice.url" type="java.lang.Exception"><![CDATA[java.lang.Exception: Test properties file is missing required property: jocci.jobservice.url
	at org.ogf.saga.JSAGABaseTest.getRequiredProperty(JSAGABaseTest.java:131)
	at org.ogf.saga.job.base.JobBaseTest.<init>(JobBaseTest.java:60)
	at org.ogf.saga.job.description.DescriptionTest.<init>(DescriptionTest.java:31)
	at integration.jOCCIExecutionTestSuite$jOCCIJobDescriptionTest.<init>(jOCCIExecutionTestSuite.java:41)
]]></error>
  </testcase>
  <testcase name="test_operatingSystemType" classname="integration.jOCCIExecutionTestSuite$jOCCIJobDescriptionTest" time="0.011">
    <error message="Test properties file is missing required property: jocci.jobservice.url" type="java.lang.Exception"><![CDATA[java.lang.Exception: Test properties file is missing required property: jocci.jobservice.url
	at org.ogf.saga.JSAGABaseTest.getRequiredProperty(JSAGABaseTest.java:131)
	at org.ogf.saga.job.base.JobBaseTest.<init>(JobBaseTest.java:60)
	at org.ogf.saga.job.description.DescriptionTest.<init>(DescriptionTest.java:31)
	at integration.jOCCIExecutionTestSuite$jOCCIJobDescriptionTest.<init>(jOCCIExecutionTestSuite.java:41)
]]></error>
  </testcase>
  <testcase name="test_threadsPerProcess" classname="integration.jOCCIExecutionTestSuite$jOCCIJobDescriptionTest" time="0.001">
    <error message="Test properties file is missing required property: jocci.jobservice.url" type="java.lang.Exception"><![CDATA[java.lang.Exception: Test properties file is missing required property: jocci.jobservice.url
	at org.ogf.saga.JSAGABaseTest.getRequiredProperty(JSAGABaseTest.java:131)
	at org.ogf.saga.job.base.JobBaseTest.<init>(JobBaseTest.java:60)
	at org.ogf.saga.job.description.DescriptionTest.<init>(DescriptionTest.java:31)
	at integration.jOCCIExecutionTestSuite$jOCCIJobDescriptionTest.<init>(jOCCIExecutionTestSuite.java:41)
]]></error>
  </testcase>
  <testcase name="test_workingDirectory" classname="integration.jOCCIExecutionTestSuite$jOCCIJobDescriptionTest" time="0.008">
    <error message="Test properties file is missing required property: jocci.jobservice.url" type="java.lang.Exception"><![CDATA[java.lang.Exception: Test properties file is missing required property: jocci.jobservice.url
	at org.ogf.saga.JSAGABaseTest.getRequiredProperty(JSAGABaseTest.java:131)
	at org.ogf.saga.job.base.JobBaseTest.<init>(JobBaseTest.java:60)
	at org.ogf.saga.job.description.DescriptionTest.<init>(DescriptionTest.java:31)
	at integration.jOCCIExecutionTestSuite$jOCCIJobDescriptionTest.<init>(jOCCIExecutionTestSuite.java:41)
]]></error>
  </testcase>
  <testcase name="test_processesPerHost" classname="integration.jOCCIExecutionTestSuite$jOCCIJobDescriptionTest" time="0.002">
    <error message="Test properties file is missing required property: jocci.jobservice.url" type="java.lang.Exception"><![CDATA[java.lang.Exception: Test properties file is missing required property: jocci.jobservice.url
	at org.ogf.saga.JSAGABaseTest.getRequiredProperty(JSAGABaseTest.java:131)
	at org.ogf.saga.job.base.JobBaseTest.<init>(JobBaseTest.java:60)
	at org.ogf.saga.job.description.DescriptionTest.<init>(DescriptionTest.java:31)
	at integration.jOCCIExecutionTestSuite$jOCCIJobDescriptionTest.<init>(jOCCIExecutionTestSuite.java:41)
]]></error>
  </testcase>
  <testcase name="test_cpuArchitecture" classname="integration.jOCCIExecutionTestSuite$jOCCIJobDescriptionTest" time="0.012">
    <error message="Test properties file is missing required property: jocci.jobservice.url" type="java.lang.Exception"><![CDATA[java.lang.Exception: Test properties file is missing required property: jocci.jobservice.url
	at org.ogf.saga.JSAGABaseTest.getRequiredProperty(JSAGABaseTest.java:131)
	at org.ogf.saga.job.base.JobBaseTest.<init>(JobBaseTest.java:60)
	at org.ogf.saga.job.description.DescriptionTest.<init>(DescriptionTest.java:31)
	at integration.jOCCIExecutionTestSuite$jOCCIJobDescriptionTest.<init>(jOCCIExecutionTestSuite.java:41)
]]></error>
  </testcase>
  <testcase name="test_error" classname="integration.jOCCIExecutionTestSuite$jOCCIJobDescriptionTest" time="0.001">
    <error message="Test properties file is missing required property: jocci.jobservice.url" type="java.lang.Exception"><![CDATA[java.lang.Exception: Test properties file is missing required property: jocci.jobservice.url
	at org.ogf.saga.JSAGABaseTest.getRequiredProperty(JSAGABaseTest.java:131)
	at org.ogf.saga.job.base.JobBaseTest.<init>(JobBaseTest.java:60)
	at org.ogf.saga.job.description.DescriptionTest.<init>(DescriptionTest.java:31)
	at integration.jOCCIExecutionTestSuite$jOCCIJobDescriptionTest.<init>(jOCCIExecutionTestSuite.java:41)
]]></error>
  </testcase>
  <testcase name="test_input" classname="integration.jOCCIExecutionTestSuite$jOCCIJobDescriptionTest" time="0.001">
    <error message="Test properties file is missing required property: jocci.jobservice.url" type="java.lang.Exception"><![CDATA[java.lang.Exception: Test properties file is missing required property: jocci.jobservice.url
	at org.ogf.saga.JSAGABaseTest.getRequiredProperty(JSAGABaseTest.java:131)
	at org.ogf.saga.job.base.JobBaseTest.<init>(JobBaseTest.java:60)
	at org.ogf.saga.job.description.DescriptionTest.<init>(DescriptionTest.java:31)
	at integration.jOCCIExecutionTestSuite$jOCCIJobDescriptionTest.<init>(jOCCIExecutionTestSuite.java:41)
]]></error>
  </testcase>
  <testcase name="test_queue" classname="integration.jOCCIExecutionTestSuite$jOCCIJobDescriptionTest" time="0.005">
    <error message="Test properties file is missing required property: jocci.jobservice.url" type="java.lang.Exception"><![CDATA[java.lang.Exception: Test properties file is missing required property: jocci.jobservice.url
	at org.ogf.saga.JSAGABaseTest.getRequiredProperty(JSAGABaseTest.java:131)
	at org.ogf.saga.job.base.JobBaseTest.<init>(JobBaseTest.java:60)
	at org.ogf.saga.job.description.DescriptionTest.<init>(DescriptionTest.java:31)
	at integration.jOCCIExecutionTestSuite$jOCCIJobDescriptionTest.<init>(jOCCIExecutionTestSuite.java:41)
]]></error>
  </testcase>
</testsuite>